This file contains any messages produced by compilers while
running configure, to aid debugging if configure makes a mistake.

It was created by tesseract configure 3.00, which was
generated by GNU Autoconf 2.64.  Invocation command line was

  $ ./configure --prefix=/home/marcel/local/

## --------- ##
## Platform. ##
## --------- ##

hostname = marcel-laptop
uname -m = i686
uname -r = 2.6.31-16-generic
uname -s = Linux
uname -v = #52-Ubuntu SMP Thu Dec 3 22:00:22 UTC 2009

/usr/bin/uname -p = unknown
/bin/uname -X     = unknown

/bin/arch              = unknown
/usr/bin/arch -k       = unknown
/usr/convex/getsysinfo = unknown
/usr/bin/hostinfo      = unknown
/bin/machine           = unknown
/usr/bin/oslevel       = unknown
/bin/universe          = unknown

PATH: /home/marcel/local/bin
PATH: /home/marcel/local/bin
PATH: /usr/local/sbin
PATH: /usr/local/bin
PATH: /usr/sbin
PATH: /usr/bin
PATH: /sbin
PATH: /bin
PATH: /usr/games


## ----------- ##
## Core tests. ##
## ----------- ##

configure:2368: checking build system type
configure:2382: result: i686-pc-linux-gnu
configure:2402: checking host system type
configure:2415: result: i686-pc-linux-gnu
configure:2579: checking for cl.exe
configure:2609: result: no
configure:2579: checking for g++
configure:2595: found /usr/bin/g++
configure:2606: result: g++
configure:2633: checking for C++ compiler version
configure:2642: g++ --version >&5
g++ (Ubuntu 4.4.1-4ubuntu8) 4.4.1
Copyright (C) 2009 Free Software Foundation, Inc.
This is free software; see the source for copying conditions.  There is NO
warranty; not even for MERCHANTABILITY or FITNESS FOR A PARTICULAR PURPOSE.

configure:2653: $? = 0
configure:2642: g++ -v >&5
Using built-in specs.
Target: i486-linux-gnu
Configured with: ../src/configure -v --with-pkgversion='Ubuntu 4.4.1-4ubuntu8' --with-bugurl=file:///usr/share/doc/gcc-4.4/README.Bugs --enable-languages=c,c++,fortran,objc,obj-c++ --prefix=/usr --enable-shared --enable-multiarch --enable-linker-build-id --with-system-zlib --libexecdir=/usr/lib --without-included-gettext --enable-threads=posix --with-gxx-include-dir=/usr/include/c++/4.4 --program-suffix=-4.4 --enable-nls --enable-clocale=gnu --enable-libstdcxx-debug --enable-objc-gc --enable-targets=all --disable-werror --with-arch-32=i486 --with-tune=generic --enable-checking=release --build=i486-linux-gnu --host=i486-linux-gnu --target=i486-linux-gnu
Thread model: posix
gcc version 4.4.1 (Ubuntu 4.4.1-4ubuntu8) 
configure:2653: $? = 0
configure:2642: g++ -V >&5
g++: '-V' option must have argument
configure:2653: $? = 1
configure:2642: g++ -qversion >&5
g++: unrecognized option '-qversion'
g++: no input files
configure:2653: $? = 1
configure:2675: checking for C++ compiler default output file name
configure:2697: g++    conftest.cpp  >&5
configure:2701: $? = 0
configure:2738: result: a.out
configure:2754: checking whether the C++ compiler works
configure:2763: ./a.out
configure:2767: $? = 0
configure:2782: result: yes
configure:2789: checking whether we are cross compiling
configure:2791: result: no
configure:2794: checking for suffix of executables
configure:2801: g++ -o conftest    conftest.cpp  >&5
configure:2805: $? = 0
configure:2827: result: 
configure:2833: checking for suffix of object files
configure:2855: g++ -c   conftest.cpp >&5
configure:2859: $? = 0
configure:2880: result: o
configure:2884: checking whether we are using the GNU C++ compiler
configure:2903: g++ -c   conftest.cpp >&5
configure:2903: $? = 0
configure:2912: result: yes
configure:2921: checking whether g++ accepts -g
configure:2941: g++ -c -g  conftest.cpp >&5
configure:2941: $? = 0
configure:2982: result: yes
configure:3032: checking for a BSD-compatible install
configure:3100: result: /usr/bin/install -c
configure:3111: checking whether build environment is sane
configure:3161: result: yes
configure:3189: WARNING: `missing' script is too old or missing
configure:3302: checking for a thread-safe mkdir -p
configure:3341: result: /bin/mkdir -p
configure:3354: checking for gawk
configure:3370: found /usr/bin/gawk
configure:3381: result: gawk
configure:3392: checking whether make sets $(MAKE)
configure:3414: result: yes
configure:3444: checking for style of include used by make
configure:3472: result: GNU
configure:3557: checking dependency style of g++
configure:3667: result: gcc3
configure:3687: checking whether to enable maintainer-specific portions of Makefiles
configure:3696: result: no
configure:3773: checking for gcc
configure:3789: found /usr/bin/gcc
configure:3800: result: gcc
configure:4029: checking for C compiler version
configure:4038: gcc --version >&5
gcc (Ubuntu 4.4.1-4ubuntu8) 4.4.1
Copyright (C) 2009 Free Software Foundation, Inc.
This is free software; see the source for copying conditions.  There is NO
warranty; not even for MERCHANTABILITY or FITNESS FOR A PARTICULAR PURPOSE.

configure:4049: $? = 0
configure:4038: gcc -v >&5
Using built-in specs.
Target: i486-linux-gnu
Configured with: ../src/configure -v --with-pkgversion='Ubuntu 4.4.1-4ubuntu8' --with-bugurl=file:///usr/share/doc/gcc-4.4/README.Bugs --enable-languages=c,c++,fortran,objc,obj-c++ --prefix=/usr --enable-shared --enable-multiarch --enable-linker-build-id --with-system-zlib --libexecdir=/usr/lib --without-included-gettext --enable-threads=posix --with-gxx-include-dir=/usr/include/c++/4.4 --program-suffix=-4.4 --enable-nls --enable-clocale=gnu --enable-libstdcxx-debug --enable-objc-gc --enable-targets=all --disable-werror --with-arch-32=i486 --with-tune=generic --enable-checking=release --build=i486-linux-gnu --host=i486-linux-gnu --target=i486-linux-gnu
Thread model: posix
gcc version 4.4.1 (Ubuntu 4.4.1-4ubuntu8) 
configure:4049: $? = 0
configure:4038: gcc -V >&5
gcc: '-V' option must have argument
configure:4049: $? = 1
configure:4038: gcc -qversion >&5
gcc: unrecognized option '-qversion'
gcc: no input files
configure:4049: $? = 1
configure:4053: checking whether we are using the GNU C compiler
configure:4072: gcc -c   conftest.c >&5
configure:4072: $? = 0
configure:4081: result: yes
configure:4090: checking whether gcc accepts -g
configure:4110: gcc -c -g  conftest.c >&5
configure:4110: $? = 0
configure:4151: result: yes
configure:4168: checking for gcc option to accept ISO C89
configure:4232: gcc  -c -g -O2  conftest.c >&5
configure:4232: $? = 0
configure:4245: result: none needed
configure:4267: checking dependency style of gcc
configure:4377: result: gcc3
configure:4398: checking how to run the C preprocessor
configure:4429: gcc -E  conftest.c
configure:4429: $? = 0
configure:4443: gcc -E  conftest.c
conftest.c:15:28: error: ac_nonexistent.h: No such file or directory
configure:4443: $? = 1
configure: failed program was:
| /* confdefs.h */
| #define PACKAGE_NAME "tesseract"
| #define PACKAGE_TARNAME "tesseract"
| #define PACKAGE_VERSION "3.00"
| #define PACKAGE_STRING "tesseract 3.00"
| #define PACKAGE_BUGREPORT "theraysmith@gmail.com"
| #define PACKAGE_URL ""
| #define PACKAGE_NAME "tesseract"
| #define PACKAGE_VERSION "3.00"
| #define PACKAGE_YEAR "2009"
| #define PACKAGE_DATE "05/29"
| #define PACKAGE "tesseract"
| #define VERSION "3.00"
| /* end confdefs.h.  */
| #include <ac_nonexistent.h>
configure:4468: result: gcc -E
configure:4488: gcc -E  conftest.c
configure:4488: $? = 0
configure:4502: gcc -E  conftest.c
conftest.c:15:28: error: ac_nonexistent.h: No such file or directory
configure:4502: $? = 1
configure: failed program was:
| /* confdefs.h */
| #define PACKAGE_NAME "tesseract"
| #define PACKAGE_TARNAME "tesseract"
| #define PACKAGE_VERSION "3.00"
| #define PACKAGE_STRING "tesseract 3.00"
| #define PACKAGE_BUGREPORT "theraysmith@gmail.com"
| #define PACKAGE_URL ""
| #define PACKAGE_NAME "tesseract"
| #define PACKAGE_VERSION "3.00"
| #define PACKAGE_YEAR "2009"
| #define PACKAGE_DATE "05/29"
| #define PACKAGE "tesseract"
| #define VERSION "3.00"
| /* end confdefs.h.  */
| #include <ac_nonexistent.h>
configure:4531: checking for grep that handles long lines and -e
configure:4589: result: /bin/grep
configure:4594: checking for egrep
configure:4656: result: /bin/grep -E
configure:4661: checking for ANSI C header files
configure:4681: gcc -c -g -O2  conftest.c >&5
configure:4681: $? = 0
configure:4754: gcc -o conftest -g -O2   conftest.c  >&5
configure:4754: $? = 0
configure:4754: ./conftest
configure:4754: $? = 0
configure:4765: result: yes
configure:4778: checking for sys/types.h
configure:4778: gcc -c -g -O2  conftest.c >&5
configure:4778: $? = 0
configure:4778: result: yes
configure:4778: checking for sys/stat.h
configure:4778: gcc -c -g -O2  conftest.c >&5
configure:4778: $? = 0
configure:4778: result: yes
configure:4778: checking for stdlib.h
configure:4778: gcc -c -g -O2  conftest.c >&5
configure:4778: $? = 0
configure:4778: result: yes
configure:4778: checking for string.h
configure:4778: gcc -c -g -O2  conftest.c >&5
configure:4778: $? = 0
configure:4778: result: yes
configure:4778: checking for memory.h
configure:4778: gcc -c -g -O2  conftest.c >&5
configure:4778: $? = 0
configure:4778: result: yes
configure:4778: checking for strings.h
configure:4778: gcc -c -g -O2  conftest.c >&5
configure:4778: $? = 0
configure:4778: result: yes
configure:4778: checking for inttypes.h
configure:4778: gcc -c -g -O2  conftest.c >&5
configure:4778: $? = 0
configure:4778: result: yes
configure:4778: checking for stdint.h
configure:4778: gcc -c -g -O2  conftest.c >&5
configure:4778: $? = 0
configure:4778: result: yes
configure:4778: checking for unistd.h
configure:4778: gcc -c -g -O2  conftest.c >&5
configure:4778: $? = 0
configure:4778: result: yes
configure:4791: checking whether byte ordering is bigendian
configure:4806: gcc -c -g -O2  conftest.c >&5
conftest.c:26: error: expected '=', ',', ';', 'asm' or '__attribute__' before 'a'
configure:4806: $? = 1
configure: failed program was:
| /* confdefs.h */
| #define PACKAGE_NAME "tesseract"
| #define PACKAGE_TARNAME "tesseract"
| #define PACKAGE_VERSION "3.00"
| #define PACKAGE_STRING "tesseract 3.00"
| #define PACKAGE_BUGREPORT "theraysmith@gmail.com"
| #define PACKAGE_URL ""
| #define PACKAGE_NAME "tesseract"
| #define PACKAGE_VERSION "3.00"
| #define PACKAGE_YEAR "2009"
| #define PACKAGE_DATE "05/29"
| #define PACKAGE "tesseract"
| #define VERSION "3.00"
| #define STDC_HEADERS 1
| #define HAVE_SYS_TYPES_H 1
| #define HAVE_SYS_STAT_H 1
| #define HAVE_STDLIB_H 1
| #define HAVE_STRING_H 1
| #define HAVE_MEMORY_H 1
| #define HAVE_STRINGS_H 1
| #define HAVE_INTTYPES_H 1
| #define HAVE_STDINT_H 1
| #define HAVE_UNISTD_H 1
| /* end confdefs.h.  */
| #ifndef __APPLE_CC__
| 	       not a universal capable compiler
| 	     #endif
| 	     typedef int dummy;
| 
configure:4851: gcc -c -g -O2  conftest.c >&5
configure:4851: $? = 0
configure:4869: gcc -c -g -O2  conftest.c >&5
conftest.c: In function 'main':
conftest.c:32: error: 'not' undeclared (first use in this function)
conftest.c:32: error: (Each undeclared identifier is reported only once
conftest.c:32: error: for each function it appears in.)
conftest.c:32: error: expected ';' before 'big'
configure:4869: $? = 1
configure: failed program was:
| /* confdefs.h */
| #define PACKAGE_NAME "tesseract"
| #define PACKAGE_TARNAME "tesseract"
| #define PACKAGE_VERSION "3.00"
| #define PACKAGE_STRING "tesseract 3.00"
| #define PACKAGE_BUGREPORT "theraysmith@gmail.com"
| #define PACKAGE_URL ""
| #define PACKAGE_NAME "tesseract"
| #define PACKAGE_VERSION "3.00"
| #define PACKAGE_YEAR "2009"
| #define PACKAGE_DATE "05/29"
| #define PACKAGE "tesseract"
| #define VERSION "3.00"
| #define STDC_HEADERS 1
| #define HAVE_SYS_TYPES_H 1
| #define HAVE_SYS_STAT_H 1
| #define HAVE_STDLIB_H 1
| #define HAVE_STRING_H 1
| #define HAVE_MEMORY_H 1
| #define HAVE_STRINGS_H 1
| #define HAVE_INTTYPES_H 1
| #define HAVE_STDINT_H 1
| #define HAVE_UNISTD_H 1
| /* end confdefs.h.  */
| #include <sys/types.h>
| 		#include <sys/param.h>
| 
| int
| main ()
| {
| #if BYTE_ORDER != BIG_ENDIAN
| 		 not big endian
| 		#endif
| 
|   ;
|   return 0;
| }
configure:4997: result: no
configure:5066: checking for ranlib
configure:5082: found /usr/bin/ranlib
configure:5093: result: ranlib
configure:5220: checking for deflate in -lz
configure:5245: g++ -o conftest -g -O2   conftest.cpp -lz   >&5
configure:5245: $? = 0
configure:5254: result: yes
configure:5265: checking for png_read_png in -lpng
configure:5290: g++ -o conftest -g -O2   conftest.cpp -lpng  -lz  >&5
configure:5290: $? = 0
configure:5299: result: yes
configure:5310: checking for jpeg_read_scanlines in -ljpeg
configure:5335: g++ -o conftest -g -O2   conftest.cpp -ljpeg  -lpng -lz  >&5
configure:5335: $? = 0
configure:5344: result: yes
configure:5355: checking for sem_init in -lpthread
configure:5380: g++ -o conftest -g -O2   conftest.cpp -lpthread  -ljpeg -lpng -lz  >&5
configure:5380: $? = 0
configure:5389: result: yes
configure:5410: checking how to run the C++ preprocessor
configure:5437: g++ -E  conftest.cpp
configure:5437: $? = 0
configure:5451: g++ -E  conftest.cpp
conftest.cpp:29:28: error: ac_nonexistent.h: No such file or directory
configure:5451: $? = 1
configure: failed program was:
| /* confdefs.h */
| #define PACKAGE_NAME "tesseract"
| #define PACKAGE_TARNAME "tesseract"
| #define PACKAGE_VERSION "3.00"
| #define PACKAGE_STRING "tesseract 3.00"
| #define PACKAGE_BUGREPORT "theraysmith@gmail.com"
| #define PACKAGE_URL ""
| #define PACKAGE_NAME "tesseract"
| #define PACKAGE_VERSION "3.00"
| #define PACKAGE_YEAR "2009"
| #define PACKAGE_DATE "05/29"
| #define PACKAGE "tesseract"
| #define VERSION "3.00"
| #define STDC_HEADERS 1
| #define HAVE_SYS_TYPES_H 1
| #define HAVE_SYS_STAT_H 1
| #define HAVE_STDLIB_H 1
| #define HAVE_STRING_H 1
| #define HAVE_MEMORY_H 1
| #define HAVE_STRINGS_H 1
| #define HAVE_INTTYPES_H 1
| #define HAVE_STDINT_H 1
| #define HAVE_UNISTD_H 1
| #define HAVE_LIBZ 1
| #define HAVE_LIBPNG 1
| #define HAVE_LIBJPEG 1
| #define HAVE_LIBPTHREAD 1
| /* end confdefs.h.  */
| #include <ac_nonexistent.h>
configure:5476: result: g++ -E
configure:5496: g++ -E  conftest.cpp
configure:5496: $? = 0
configure:5510: g++ -E  conftest.cpp
conftest.cpp:29:28: error: ac_nonexistent.h: No such file or directory
configure:5510: $? = 1
configure: failed program was:
| /* confdefs.h */
| #define PACKAGE_NAME "tesseract"
| #define PACKAGE_TARNAME "tesseract"
| #define PACKAGE_VERSION "3.00"
| #define PACKAGE_STRING "tesseract 3.00"
| #define PACKAGE_BUGREPORT "theraysmith@gmail.com"
| #define PACKAGE_URL ""
| #define PACKAGE_NAME "tesseract"
| #define PACKAGE_VERSION "3.00"
| #define PACKAGE_YEAR "2009"
| #define PACKAGE_DATE "05/29"
| #define PACKAGE "tesseract"
| #define VERSION "3.00"
| #define STDC_HEADERS 1
| #define HAVE_SYS_TYPES_H 1
| #define HAVE_SYS_STAT_H 1
| #define HAVE_STDLIB_H 1
| #define HAVE_STRING_H 1
| #define HAVE_MEMORY_H 1
| #define HAVE_STRINGS_H 1
| #define HAVE_INTTYPES_H 1
| #define HAVE_STDINT_H 1
| #define HAVE_UNISTD_H 1
| #define HAVE_LIBZ 1
| #define HAVE_LIBPNG 1
| #define HAVE_LIBJPEG 1
| #define HAVE_LIBPTHREAD 1
| /* end confdefs.h.  */
| #include <ac_nonexistent.h>
configure:5539: checking for ANSI C header files
configure:5643: result: yes
configure:5651: checking whether time.h and sys/time.h may both be included
configure:5671: g++ -c -g -O2  conftest.cpp >&5
configure:5671: $? = 0
configure:5678: result: yes
configure:5686: checking for sys/wait.h that is POSIX.1 compatible
configure:5712: g++ -c -g -O2  conftest.cpp >&5
configure:5712: $? = 0
configure:5719: result: yes
configure:5730: checking sys/ipc.h usability
configure:5730: g++ -c -g -O2  conftest.cpp >&5
configure:5730: $? = 0
configure:5730: result: yes
configure:5730: checking sys/ipc.h presence
configure:5730: g++ -E  conftest.cpp
configure:5730: $? = 0
configure:5730: result: yes
configure:5730: checking for sys/ipc.h
configure:5730: result: yes
configure:5730: checking sys/shm.h usability
configure:5730: g++ -c -g -O2  conftest.cpp >&5
configure:5730: $? = 0
configure:5730: result: yes
configure:5730: checking sys/shm.h presence
configure:5730: g++ -E  conftest.cpp
configure:5730: $? = 0
configure:5730: result: yes
configure:5730: checking for sys/shm.h
configure:5730: result: yes
configure:5744: checking limits.h usability
configure:5744: g++ -c -g -O2  conftest.cpp >&5
configure:5744: $? = 0
configure:5744: result: yes
configure:5744: checking limits.h presence
configure:5744: g++ -E  conftest.cpp
configure:5744: $? = 0
configure:5744: result: yes
configure:5744: checking for limits.h
configure:5744: result: yes
configure:5744: checking malloc.h usability
configure:5744: g++ -c -g -O2  conftest.cpp >&5
configure:5744: $? = 0
configure:5744: result: yes
configure:5744: checking malloc.h presence
configure:5744: g++ -E  conftest.cpp
configure:5744: $? = 0
configure:5744: result: yes
configure:5744: checking for malloc.h
configure:5744: result: yes
configure:5757: checking allheaders.h usability
configure:5757: g++ -c -g -O2  conftest.cpp >&5
conftest.cpp:69:24: error: allheaders.h: No such file or directory
configure:5757: $? = 1
configure: failed program was:
| /* confdefs.h */
| #define PACKAGE_NAME "tesseract"
| #define PACKAGE_TARNAME "tesseract"
| #define PACKAGE_VERSION "3.00"
| #define PACKAGE_STRING "tesseract 3.00"
| #define PACKAGE_BUGREPORT "theraysmith@gmail.com"
| #define PACKAGE_URL ""
| #define PACKAGE_NAME "tesseract"
| #define PACKAGE_VERSION "3.00"
| #define PACKAGE_YEAR "2009"
| #define PACKAGE_DATE "05/29"
| #define PACKAGE "tesseract"
| #define VERSION "3.00"
| #define STDC_HEADERS 1
| #define HAVE_SYS_TYPES_H 1
| #define HAVE_SYS_STAT_H 1
| #define HAVE_STDLIB_H 1
| #define HAVE_STRING_H 1
| #define HAVE_MEMORY_H 1
| #define HAVE_STRINGS_H 1
| #define HAVE_INTTYPES_H 1
| #define HAVE_STDINT_H 1
| #define HAVE_UNISTD_H 1
| #define HAVE_LIBZ 1
| #define HAVE_LIBPNG 1
| #define HAVE_LIBJPEG 1
| #define HAVE_LIBPTHREAD 1
| #define STDC_HEADERS 1
| #define TIME_WITH_SYS_TIME 1
| #define HAVE_SYS_WAIT_H 1
| #define HAVE_SYS_IPC_H 1
| #define HAVE_SYS_SHM_H 1
| #define HAVE_LIMITS_H 1
| #define HAVE_MALLOC_H 1
| /* end confdefs.h.  */
| #include <stdio.h>
| #ifdef HAVE_SYS_TYPES_H
| # include <sys/types.h>
| #endif
| #ifdef HAVE_SYS_STAT_H
| # include <sys/stat.h>
| #endif
| #ifdef STDC_HEADERS
| # include <stdlib.h>
| # include <stddef.h>
| #else
| # ifdef HAVE_STDLIB_H
| #  include <stdlib.h>
| # endif
| #endif
| #ifdef HAVE_STRING_H
| # if !defined STDC_HEADERS && defined HAVE_MEMORY_H
| #  include <memory.h>
| # endif
| # include <string.h>
| #endif
| #ifdef HAVE_STRINGS_H
| # include <strings.h>
| #endif
| #ifdef HAVE_INTTYPES_H
| # include <inttypes.h>
| #endif
| #ifdef HAVE_STDINT_H
| # include <stdint.h>
| #endif
| #ifdef HAVE_UNISTD_H
| # include <unistd.h>
| #endif
| #include <allheaders.h>
configure:5757: result: no
configure:5757: checking allheaders.h presence
configure:5757: g++ -E  conftest.cpp
conftest.cpp:36:24: error: allheaders.h: No such file or directory
configure:5757: $? = 1
configure: failed program was:
| /* confdefs.h */
| #define PACKAGE_NAME "tesseract"
| #define PACKAGE_TARNAME "tesseract"
| #define PACKAGE_VERSION "3.00"
| #define PACKAGE_STRING "tesseract 3.00"
| #define PACKAGE_BUGREPORT "theraysmith@gmail.com"
| #define PACKAGE_URL ""
| #define PACKAGE_NAME "tesseract"
| #define PACKAGE_VERSION "3.00"
| #define PACKAGE_YEAR "2009"
| #define PACKAGE_DATE "05/29"
| #define PACKAGE "tesseract"
| #define VERSION "3.00"
| #define STDC_HEADERS 1
| #define HAVE_SYS_TYPES_H 1
| #define HAVE_SYS_STAT_H 1
| #define HAVE_STDLIB_H 1
| #define HAVE_STRING_H 1
| #define HAVE_MEMORY_H 1
| #define HAVE_STRINGS_H 1
| #define HAVE_INTTYPES_H 1
| #define HAVE_STDINT_H 1
| #define HAVE_UNISTD_H 1
| #define HAVE_LIBZ 1
| #define HAVE_LIBPNG 1
| #define HAVE_LIBJPEG 1
| #define HAVE_LIBPTHREAD 1
| #define STDC_HEADERS 1
| #define TIME_WITH_SYS_TIME 1
| #define HAVE_SYS_WAIT_H 1
| #define HAVE_SYS_IPC_H 1
| #define HAVE_SYS_SHM_H 1
| #define HAVE_LIMITS_H 1
| #define HAVE_MALLOC_H 1
| /* end confdefs.h.  */
| #include <allheaders.h>
configure:5757: result: no
configure:5757: checking for allheaders.h
configure:5757: result: no
configure:5768: checking for stdbool.h that conforms to C99
configure:5853: g++ -c -g -O2  conftest.cpp >&5
configure:5853: $? = 0
configure:5860: result: yes
configure:5862: checking for _Bool
configure:5862: g++ -c -g -O2  conftest.cpp >&5
conftest.cpp: In function 'int main()':
conftest.cpp:72: error: '_Bool' was not declared in this scope
configure:5862: $? = 1
configure: failed program was:
| /* confdefs.h */
| #define PACKAGE_NAME "tesseract"
| #define PACKAGE_TARNAME "tesseract"
| #define PACKAGE_VERSION "3.00"
| #define PACKAGE_STRING "tesseract 3.00"
| #define PACKAGE_BUGREPORT "theraysmith@gmail.com"
| #define PACKAGE_URL ""
| #define PACKAGE_NAME "tesseract"
| #define PACKAGE_VERSION "3.00"
| #define PACKAGE_YEAR "2009"
| #define PACKAGE_DATE "05/29"
| #define PACKAGE "tesseract"
| #define VERSION "3.00"
| #define STDC_HEADERS 1
| #define HAVE_SYS_TYPES_H 1
| #define HAVE_SYS_STAT_H 1
| #define HAVE_STDLIB_H 1
| #define HAVE_STRING_H 1
| #define HAVE_MEMORY_H 1
| #define HAVE_STRINGS_H 1
| #define HAVE_INTTYPES_H 1
| #define HAVE_STDINT_H 1
| #define HAVE_UNISTD_H 1
| #define HAVE_LIBZ 1
| #define HAVE_LIBPNG 1
| #define HAVE_LIBJPEG 1
| #define HAVE_LIBPTHREAD 1
| #define STDC_HEADERS 1
| #define TIME_WITH_SYS_TIME 1
| #define HAVE_SYS_WAIT_H 1
| #define HAVE_SYS_IPC_H 1
| #define HAVE_SYS_SHM_H 1
| #define HAVE_LIMITS_H 1
| #define HAVE_MALLOC_H 1
| /* end confdefs.h.  */
| #include <stdio.h>
| #ifdef HAVE_SYS_TYPES_H
| # include <sys/types.h>
| #endif
| #ifdef HAVE_SYS_STAT_H
| # include <sys/stat.h>
| #endif
| #ifdef STDC_HEADERS
| # include <stdlib.h>
| # include <stddef.h>
| #else
| # ifdef HAVE_STDLIB_H
| #  include <stdlib.h>
| # endif
| #endif
| #ifdef HAVE_STRING_H
| # if !defined STDC_HEADERS && defined HAVE_MEMORY_H
| #  include <memory.h>
| # endif
| # include <string.h>
| #endif
| #ifdef HAVE_STRINGS_H
| # include <strings.h>
| #endif
| #ifdef HAVE_INTTYPES_H
| # include <inttypes.h>
| #endif
| #ifdef HAVE_STDINT_H
| # include <stdint.h>
| #endif
| #ifdef HAVE_UNISTD_H
| # include <unistd.h>
| #endif
| int
| main ()
| {
| if (sizeof (_Bool))
| 	 return 0;
|   ;
|   return 0;
| }
configure:5862: result: no
configure:5880: checking whether #! works in shell scripts
configure:5897: result: yes
configure:5908: checking for special C compiler options needed for large files
configure:5953: result: no
configure:5959: checking for _FILE_OFFSET_BITS value needed for large files
configure:5984: g++ -c -g -O2  conftest.cpp >&5
conftest.cpp:43: warning: left shift count >= width of type
conftest.cpp:43: warning: left shift count >= width of type
conftest.cpp:44: warning: left shift count >= width of type
conftest.cpp:44: warning: left shift count >= width of type
conftest.cpp:45: error: size of array 'off_t_is_large' is negative
configure:5984: $? = 1
configure: failed program was:
| /* confdefs.h */
| #define PACKAGE_NAME "tesseract"
| #define PACKAGE_TARNAME "tesseract"
| #define PACKAGE_VERSION "3.00"
| #define PACKAGE_STRING "tesseract 3.00"
| #define PACKAGE_BUGREPORT "theraysmith@gmail.com"
| #define PACKAGE_URL ""
| #define PACKAGE_NAME "tesseract"
| #define PACKAGE_VERSION "3.00"
| #define PACKAGE_YEAR "2009"
| #define PACKAGE_DATE "05/29"
| #define PACKAGE "tesseract"
| #define VERSION "3.00"
| #define STDC_HEADERS 1
| #define HAVE_SYS_TYPES_H 1
| #define HAVE_SYS_STAT_H 1
| #define HAVE_STDLIB_H 1
| #define HAVE_STRING_H 1
| #define HAVE_MEMORY_H 1
| #define HAVE_STRINGS_H 1
| #define HAVE_INTTYPES_H 1
| #define HAVE_STDINT_H 1
| #define HAVE_UNISTD_H 1
| #define HAVE_LIBZ 1
| #define HAVE_LIBPNG 1
| #define HAVE_LIBJPEG 1
| #define HAVE_LIBPTHREAD 1
| #define STDC_HEADERS 1
| #define TIME_WITH_SYS_TIME 1
| #define HAVE_SYS_WAIT_H 1
| #define HAVE_SYS_IPC_H 1
| #define HAVE_SYS_SHM_H 1
| #define HAVE_LIMITS_H 1
| #define HAVE_MALLOC_H 1
| #define HAVE_STDBOOL_H 1
| /* end confdefs.h.  */
| #include <sys/types.h>
|  /* Check that off_t can represent 2**63 - 1 correctly.
|     We can't simply define LARGE_OFF_T to be 9223372036854775807,
|     since some C++ compilers masquerading as C compilers
|     incorrectly reject 9223372036854775807.  */
| #define LARGE_OFF_T (((off_t) 1 << 62) - 1 + ((off_t) 1 << 62))
|   int off_t_is_large[(LARGE_OFF_T % 2147483629 == 721
| 		       && LARGE_OFF_T % 2147483647 == 1)
| 		      ? 1 : -1];
| int
| main ()
| {
| 
|   ;
|   return 0;
| }
configure:6008: g++ -c -g -O2  conftest.cpp >&5
configure:6008: $? = 0
configure:6016: result: 64
configure:6105: checking for wchar_t
configure:6105: g++ -c -g -O2  conftest.cpp >&5
configure:6105: $? = 0
configure:6105: g++ -c -g -O2  conftest.cpp >&5
conftest.cpp: In function 'int main()':
conftest.cpp:74: error: expected primary-expression before 'wchar_t'
conftest.cpp:74: error: expected ')' before 'wchar_t'
conftest.cpp:75: error: expected ')' before ';' token
conftest.cpp:75: error: expected ')' before ';' token
configure:6105: $? = 1
configure: failed program was:
| /* confdefs.h */
| #define PACKAGE_NAME "tesseract"
| #define PACKAGE_TARNAME "tesseract"
| #define PACKAGE_VERSION "3.00"
| #define PACKAGE_STRING "tesseract 3.00"
| #define PACKAGE_BUGREPORT "theraysmith@gmail.com"
| #define PACKAGE_URL ""
| #define PACKAGE_NAME "tesseract"
| #define PACKAGE_VERSION "3.00"
| #define PACKAGE_YEAR "2009"
| #define PACKAGE_DATE "05/29"
| #define PACKAGE "tesseract"
| #define VERSION "3.00"
| #define STDC_HEADERS 1
| #define HAVE_SYS_TYPES_H 1
| #define HAVE_SYS_STAT_H 1
| #define HAVE_STDLIB_H 1
| #define HAVE_STRING_H 1
| #define HAVE_MEMORY_H 1
| #define HAVE_STRINGS_H 1
| #define HAVE_INTTYPES_H 1
| #define HAVE_STDINT_H 1
| #define HAVE_UNISTD_H 1
| #define HAVE_LIBZ 1
| #define HAVE_LIBPNG 1
| #define HAVE_LIBJPEG 1
| #define HAVE_LIBPTHREAD 1
| #define STDC_HEADERS 1
| #define TIME_WITH_SYS_TIME 1
| #define HAVE_SYS_WAIT_H 1
| #define HAVE_SYS_IPC_H 1
| #define HAVE_SYS_SHM_H 1
| #define HAVE_LIMITS_H 1
| #define HAVE_MALLOC_H 1
| #define HAVE_STDBOOL_H 1
| #define _FILE_OFFSET_BITS 64
| /* end confdefs.h.  */
| #include <stdio.h>
| #ifdef HAVE_SYS_TYPES_H
| # include <sys/types.h>
| #endif
| #ifdef HAVE_SYS_STAT_H
| # include <sys/stat.h>
| #endif
| #ifdef STDC_HEADERS
| # include <stdlib.h>
| # include <stddef.h>
| #else
| # ifdef HAVE_STDLIB_H
| #  include <stdlib.h>
| # endif
| #endif
| #ifdef HAVE_STRING_H
| # if !defined STDC_HEADERS && defined HAVE_MEMORY_H
| #  include <memory.h>
| # endif
| # include <string.h>
| #endif
| #ifdef HAVE_STRINGS_H
| # include <strings.h>
| #endif
| #ifdef HAVE_INTTYPES_H
| # include <inttypes.h>
| #endif
| #ifdef HAVE_STDINT_H
| # include <stdint.h>
| #endif
| #ifdef HAVE_UNISTD_H
| # include <unistd.h>
| #endif
| int
| main ()
| {
| if (sizeof ((wchar_t)))
| 	    return 0;
|   ;
|   return 0;
| }
configure:6105: result: yes
configure:6115: checking for long long int
configure:6115: g++ -c -g -O2  conftest.cpp >&5
configure:6115: $? = 0
configure:6115: g++ -c -g -O2  conftest.cpp >&5
conftest.cpp: In function 'int main()':
conftest.cpp:75: error: expected primary-expression before 'long'
conftest.cpp:75: error: expected ')' before 'long'
conftest.cpp:76: error: expected ')' before ';' token
conftest.cpp:76: error: expected ')' before ';' token
configure:6115: $? = 1
configure: failed program was:
| /* confdefs.h */
| #define PACKAGE_NAME "tesseract"
| #define PACKAGE_TARNAME "tesseract"
| #define PACKAGE_VERSION "3.00"
| #define PACKAGE_STRING "tesseract 3.00"
| #define PACKAGE_BUGREPORT "theraysmith@gmail.com"
| #define PACKAGE_URL ""
| #define PACKAGE_NAME "tesseract"
| #define PACKAGE_VERSION "3.00"
| #define PACKAGE_YEAR "2009"
| #define PACKAGE_DATE "05/29"
| #define PACKAGE "tesseract"
| #define VERSION "3.00"
| #define STDC_HEADERS 1
| #define HAVE_SYS_TYPES_H 1
| #define HAVE_SYS_STAT_H 1
| #define HAVE_STDLIB_H 1
| #define HAVE_STRING_H 1
| #define HAVE_MEMORY_H 1
| #define HAVE_STRINGS_H 1
| #define HAVE_INTTYPES_H 1
| #define HAVE_STDINT_H 1
| #define HAVE_UNISTD_H 1
| #define HAVE_LIBZ 1
| #define HAVE_LIBPNG 1
| #define HAVE_LIBJPEG 1
| #define HAVE_LIBPTHREAD 1
| #define STDC_HEADERS 1
| #define TIME_WITH_SYS_TIME 1
| #define HAVE_SYS_WAIT_H 1
| #define HAVE_SYS_IPC_H 1
| #define HAVE_SYS_SHM_H 1
| #define HAVE_LIMITS_H 1
| #define HAVE_MALLOC_H 1
| #define HAVE_STDBOOL_H 1
| #define _FILE_OFFSET_BITS 64
| #define HAVE_WCHAR_T 1
| /* end confdefs.h.  */
| #include <stdio.h>
| #ifdef HAVE_SYS_TYPES_H
| # include <sys/types.h>
| #endif
| #ifdef HAVE_SYS_STAT_H
| # include <sys/stat.h>
| #endif
| #ifdef STDC_HEADERS
| # include <stdlib.h>
| # include <stddef.h>
| #else
| # ifdef HAVE_STDLIB_H
| #  include <stdlib.h>
| # endif
| #endif
| #ifdef HAVE_STRING_H
| # if !defined STDC_HEADERS && defined HAVE_MEMORY_H
| #  include <memory.h>
| # endif
| # include <string.h>
| #endif
| #ifdef HAVE_STRINGS_H
| # include <strings.h>
| #endif
| #ifdef HAVE_INTTYPES_H
| # include <inttypes.h>
| #endif
| #ifdef HAVE_STDINT_H
| # include <stdint.h>
| #endif
| #ifdef HAVE_UNISTD_H
| # include <unistd.h>
| #endif
| int
| main ()
| {
| if (sizeof ((long long int)))
| 	    return 0;
|   ;
|   return 0;
| }
configure:6115: result: yes
configure:6125: checking for mbstate_t
configure:6125: g++ -c -g -O2  conftest.cpp >&5
configure:6125: $? = 0
configure:6125: g++ -c -g -O2  conftest.cpp >&5
conftest.cpp: In function 'int main()':
conftest.cpp:45: error: expected primary-expression before ')' token
configure:6125: $? = 1
configure: failed program was:
| /* confdefs.h */
| #define PACKAGE_NAME "tesseract"
| #define PACKAGE_TARNAME "tesseract"
| #define PACKAGE_VERSION "3.00"
| #define PACKAGE_STRING "tesseract 3.00"
| #define PACKAGE_BUGREPORT "theraysmith@gmail.com"
| #define PACKAGE_URL ""
| #define PACKAGE_NAME "tesseract"
| #define PACKAGE_VERSION "3.00"
| #define PACKAGE_YEAR "2009"
| #define PACKAGE_DATE "05/29"
| #define PACKAGE "tesseract"
| #define VERSION "3.00"
| #define STDC_HEADERS 1
| #define HAVE_SYS_TYPES_H 1
| #define HAVE_SYS_STAT_H 1
| #define HAVE_STDLIB_H 1
| #define HAVE_STRING_H 1
| #define HAVE_MEMORY_H 1
| #define HAVE_STRINGS_H 1
| #define HAVE_INTTYPES_H 1
| #define HAVE_STDINT_H 1
| #define HAVE_UNISTD_H 1
| #define HAVE_LIBZ 1
| #define HAVE_LIBPNG 1
| #define HAVE_LIBJPEG 1
| #define HAVE_LIBPTHREAD 1
| #define STDC_HEADERS 1
| #define TIME_WITH_SYS_TIME 1
| #define HAVE_SYS_WAIT_H 1
| #define HAVE_SYS_IPC_H 1
| #define HAVE_SYS_SHM_H 1
| #define HAVE_LIMITS_H 1
| #define HAVE_MALLOC_H 1
| #define HAVE_STDBOOL_H 1
| #define _FILE_OFFSET_BITS 64
| #define HAVE_WCHAR_T 1
| #define HAVE_LONG_LONG_INT 1
| /* end confdefs.h.  */
| #include "wchar.h"
| 
| int
| main ()
| {
| if (sizeof ((mbstate_t)))
| 	    return 0;
|   ;
|   return 0;
| }
configure:6125: result: yes
configure:6139: checking for size_t
configure:6139: g++ -c -g -O2  conftest.cpp >&5
configure:6139: $? = 0
configure:6139: g++ -c -g -O2  conftest.cpp >&5
conftest.cpp: In function 'int main()':
conftest.cpp:77: error: expected primary-expression before ')' token
configure:6139: $? = 1
configure: failed program was:
| /* confdefs.h */
| #define PACKAGE_NAME "tesseract"
| #define PACKAGE_TARNAME "tesseract"
| #define PACKAGE_VERSION "3.00"
| #define PACKAGE_STRING "tesseract 3.00"
| #define PACKAGE_BUGREPORT "theraysmith@gmail.com"
| #define PACKAGE_URL ""
| #define PACKAGE_NAME "tesseract"
| #define PACKAGE_VERSION "3.00"
| #define PACKAGE_YEAR "2009"
| #define PACKAGE_DATE "05/29"
| #define PACKAGE "tesseract"
| #define VERSION "3.00"
| #define STDC_HEADERS 1
| #define HAVE_SYS_TYPES_H 1
| #define HAVE_SYS_STAT_H 1
| #define HAVE_STDLIB_H 1
| #define HAVE_STRING_H 1
| #define HAVE_MEMORY_H 1
| #define HAVE_STRINGS_H 1
| #define HAVE_INTTYPES_H 1
| #define HAVE_STDINT_H 1
| #define HAVE_UNISTD_H 1
| #define HAVE_LIBZ 1
| #define HAVE_LIBPNG 1
| #define HAVE_LIBJPEG 1
| #define HAVE_LIBPTHREAD 1
| #define STDC_HEADERS 1
| #define TIME_WITH_SYS_TIME 1
| #define HAVE_SYS_WAIT_H 1
| #define HAVE_SYS_IPC_H 1
| #define HAVE_SYS_SHM_H 1
| #define HAVE_LIMITS_H 1
| #define HAVE_MALLOC_H 1
| #define HAVE_STDBOOL_H 1
| #define _FILE_OFFSET_BITS 64
| #define HAVE_WCHAR_T 1
| #define HAVE_LONG_LONG_INT 1
| #define HAVE_MBSTATE_T 1
| /* end confdefs.h.  */
| #include <stdio.h>
| #ifdef HAVE_SYS_TYPES_H
| # include <sys/types.h>
| #endif
| #ifdef HAVE_SYS_STAT_H
| # include <sys/stat.h>
| #endif
| #ifdef STDC_HEADERS
| # include <stdlib.h>
| # include <stddef.h>
| #else
| # ifdef HAVE_STDLIB_H
| #  include <stdlib.h>
| # endif
| #endif
| #ifdef HAVE_STRING_H
| # if !defined STDC_HEADERS && defined HAVE_MEMORY_H
| #  include <memory.h>
| # endif
| # include <string.h>
| #endif
| #ifdef HAVE_STRINGS_H
| # include <strings.h>
| #endif
| #ifdef HAVE_INTTYPES_H
| # include <inttypes.h>
| #endif
| #ifdef HAVE_STDINT_H
| # include <stdint.h>
| #endif
| #ifdef HAVE_UNISTD_H
| # include <unistd.h>
| #endif
| int
| main ()
| {
| if (sizeof ((size_t)))
| 	    return 0;
|   ;
|   return 0;
| }
configure:6139: result: yes
configure:6160: checking for stdlib.h
configure:6160: result: yes
configure:6160: checking for unistd.h
configure:6160: result: yes
configure:6173: checking for getpagesize
configure:6173: g++ -o conftest -g -O2   conftest.cpp -lpthread -ljpeg -lpng -lz  >&5
configure:6173: $? = 0
configure:6173: result: yes
configure:6182: checking for working mmap
configure:6319: g++ -o conftest -g -O2   conftest.cpp -lpthread -ljpeg -lpng -lz  >&5
configure:6319: $? = 0
configure:6319: ./conftest
configure:6319: $? = 0
configure:6329: result: yes
configure:6338: checking for pid_t
configure:6338: g++ -c -g -O2  conftest.cpp >&5
configure:6338: $? = 0
configure:6338: g++ -c -g -O2  conftest.cpp >&5
conftest.cpp: In function 'int main()':
conftest.cpp:81: error: expected primary-expression before ')' token
configure:6338: $? = 1
configure: failed program was:
| /* confdefs.h */
| #define PACKAGE_NAME "tesseract"
| #define PACKAGE_TARNAME "tesseract"
| #define PACKAGE_VERSION "3.00"
| #define PACKAGE_STRING "tesseract 3.00"
| #define PACKAGE_BUGREPORT "theraysmith@gmail.com"
| #define PACKAGE_URL ""
| #define PACKAGE_NAME "tesseract"
| #define PACKAGE_VERSION "3.00"
| #define PACKAGE_YEAR "2009"
| #define PACKAGE_DATE "05/29"
| #define PACKAGE "tesseract"
| #define VERSION "3.00"
| #define STDC_HEADERS 1
| #define HAVE_SYS_TYPES_H 1
| #define HAVE_SYS_STAT_H 1
| #define HAVE_STDLIB_H 1
| #define HAVE_STRING_H 1
| #define HAVE_MEMORY_H 1
| #define HAVE_STRINGS_H 1
| #define HAVE_INTTYPES_H 1
| #define HAVE_STDINT_H 1
| #define HAVE_UNISTD_H 1
| #define HAVE_LIBZ 1
| #define HAVE_LIBPNG 1
| #define HAVE_LIBJPEG 1
| #define HAVE_LIBPTHREAD 1
| #define STDC_HEADERS 1
| #define TIME_WITH_SYS_TIME 1
| #define HAVE_SYS_WAIT_H 1
| #define HAVE_SYS_IPC_H 1
| #define HAVE_SYS_SHM_H 1
| #define HAVE_LIMITS_H 1
| #define HAVE_MALLOC_H 1
| #define HAVE_STDBOOL_H 1
| #define _FILE_OFFSET_BITS 64
| #define HAVE_WCHAR_T 1
| #define HAVE_LONG_LONG_INT 1
| #define HAVE_MBSTATE_T 1
| #define HAVE_STDLIB_H 1
| #define HAVE_UNISTD_H 1
| #define HAVE_GETPAGESIZE 1
| #define HAVE_MMAP 1
| /* end confdefs.h.  */
| #include <stdio.h>
| #ifdef HAVE_SYS_TYPES_H
| # include <sys/types.h>
| #endif
| #ifdef HAVE_SYS_STAT_H
| # include <sys/stat.h>
| #endif
| #ifdef STDC_HEADERS
| # include <stdlib.h>
| # include <stddef.h>
| #else
| # ifdef HAVE_STDLIB_H
| #  include <stdlib.h>
| # endif
| #endif
| #ifdef HAVE_STRING_H
| # if !defined STDC_HEADERS && defined HAVE_MEMORY_H
| #  include <memory.h>
| # endif
| # include <string.h>
| #endif
| #ifdef HAVE_STRINGS_H
| # include <strings.h>
| #endif
| #ifdef HAVE_INTTYPES_H
| # include <inttypes.h>
| #endif
| #ifdef HAVE_STDINT_H
| # include <stdint.h>
| #endif
| #ifdef HAVE_UNISTD_H
| # include <unistd.h>
| #endif
| int
| main ()
| {
| if (sizeof ((pid_t)))
| 	    return 0;
|   ;
|   return 0;
| }
configure:6338: result: yes
configure:6351: checking vfork.h usability
configure:6351: g++ -c -g -O2  conftest.cpp >&5
conftest.cpp:78:19: error: vfork.h: No such file or directory
configure:6351: $? = 1
configure: failed program was:
| /* confdefs.h */
| #define PACKAGE_NAME "tesseract"
| #define PACKAGE_TARNAME "tesseract"
| #define PACKAGE_VERSION "3.00"
| #define PACKAGE_STRING "tesseract 3.00"
| #define PACKAGE_BUGREPORT "theraysmith@gmail.com"
| #define PACKAGE_URL ""
| #define PACKAGE_NAME "tesseract"
| #define PACKAGE_VERSION "3.00"
| #define PACKAGE_YEAR "2009"
| #define PACKAGE_DATE "05/29"
| #define PACKAGE "tesseract"
| #define VERSION "3.00"
| #define STDC_HEADERS 1
| #define HAVE_SYS_TYPES_H 1
| #define HAVE_SYS_STAT_H 1
| #define HAVE_STDLIB_H 1
| #define HAVE_STRING_H 1
| #define HAVE_MEMORY_H 1
| #define HAVE_STRINGS_H 1
| #define HAVE_INTTYPES_H 1
| #define HAVE_STDINT_H 1
| #define HAVE_UNISTD_H 1
| #define HAVE_LIBZ 1
| #define HAVE_LIBPNG 1
| #define HAVE_LIBJPEG 1
| #define HAVE_LIBPTHREAD 1
| #define STDC_HEADERS 1
| #define TIME_WITH_SYS_TIME 1
| #define HAVE_SYS_WAIT_H 1
| #define HAVE_SYS_IPC_H 1
| #define HAVE_SYS_SHM_H 1
| #define HAVE_LIMITS_H 1
| #define HAVE_MALLOC_H 1
| #define HAVE_STDBOOL_H 1
| #define _FILE_OFFSET_BITS 64
| #define HAVE_WCHAR_T 1
| #define HAVE_LONG_LONG_INT 1
| #define HAVE_MBSTATE_T 1
| #define HAVE_STDLIB_H 1
| #define HAVE_UNISTD_H 1
| #define HAVE_GETPAGESIZE 1
| #define HAVE_MMAP 1
| /* end confdefs.h.  */
| #include <stdio.h>
| #ifdef HAVE_SYS_TYPES_H
| # include <sys/types.h>
| #endif
| #ifdef HAVE_SYS_STAT_H
| # include <sys/stat.h>
| #endif
| #ifdef STDC_HEADERS
| # include <stdlib.h>
| # include <stddef.h>
| #else
| # ifdef HAVE_STDLIB_H
| #  include <stdlib.h>
| # endif
| #endif
| #ifdef HAVE_STRING_H
| # if !defined STDC_HEADERS && defined HAVE_MEMORY_H
| #  include <memory.h>
| # endif
| # include <string.h>
| #endif
| #ifdef HAVE_STRINGS_H
| # include <strings.h>
| #endif
| #ifdef HAVE_INTTYPES_H
| # include <inttypes.h>
| #endif
| #ifdef HAVE_STDINT_H
| # include <stdint.h>
| #endif
| #ifdef HAVE_UNISTD_H
| # include <unistd.h>
| #endif
| #include <vfork.h>
configure:6351: result: no
configure:6351: checking vfork.h presence
configure:6351: g++ -E  conftest.cpp
conftest.cpp:45:19: error: vfork.h: No such file or directory
configure:6351: $? = 1
configure: failed program was:
| /* confdefs.h */
| #define PACKAGE_NAME "tesseract"
| #define PACKAGE_TARNAME "tesseract"
| #define PACKAGE_VERSION "3.00"
| #define PACKAGE_STRING "tesseract 3.00"
| #define PACKAGE_BUGREPORT "theraysmith@gmail.com"
| #define PACKAGE_URL ""
| #define PACKAGE_NAME "tesseract"
| #define PACKAGE_VERSION "3.00"
| #define PACKAGE_YEAR "2009"
| #define PACKAGE_DATE "05/29"
| #define PACKAGE "tesseract"
| #define VERSION "3.00"
| #define STDC_HEADERS 1
| #define HAVE_SYS_TYPES_H 1
| #define HAVE_SYS_STAT_H 1
| #define HAVE_STDLIB_H 1
| #define HAVE_STRING_H 1
| #define HAVE_MEMORY_H 1
| #define HAVE_STRINGS_H 1
| #define HAVE_INTTYPES_H 1
| #define HAVE_STDINT_H 1
| #define HAVE_UNISTD_H 1
| #define HAVE_LIBZ 1
| #define HAVE_LIBPNG 1
| #define HAVE_LIBJPEG 1
| #define HAVE_LIBPTHREAD 1
| #define STDC_HEADERS 1
| #define TIME_WITH_SYS_TIME 1
| #define HAVE_SYS_WAIT_H 1
| #define HAVE_SYS_IPC_H 1
| #define HAVE_SYS_SHM_H 1
| #define HAVE_LIMITS_H 1
| #define HAVE_MALLOC_H 1
| #define HAVE_STDBOOL_H 1
| #define _FILE_OFFSET_BITS 64
| #define HAVE_WCHAR_T 1
| #define HAVE_LONG_LONG_INT 1
| #define HAVE_MBSTATE_T 1
| #define HAVE_STDLIB_H 1
| #define HAVE_UNISTD_H 1
| #define HAVE_GETPAGESIZE 1
| #define HAVE_MMAP 1
| /* end confdefs.h.  */
| #include <vfork.h>
configure:6351: result: no
configure:6351: checking for vfork.h
configure:6351: result: no
configure:6364: checking for fork
configure:6364: g++ -o conftest -g -O2   conftest.cpp -lpthread -ljpeg -lpng -lz  >&5
configure:6364: $? = 0
configure:6364: result: yes
configure:6364: checking for vfork
configure:6364: g++ -o conftest -g -O2   conftest.cpp -lpthread -ljpeg -lpng -lz  >&5
configure:6364: $? = 0
configure:6364: result: yes
configure:6375: checking for working fork
configure:6397: g++ -o conftest -g -O2   conftest.cpp -lpthread -ljpeg -lpng -lz  >&5
configure:6397: $? = 0
configure:6397: ./conftest
configure:6397: $? = 0
configure:6407: result: yes
configure:6428: checking for working vfork
configure:6538: result: yes
configure:6566: checking for strerror
configure:6566: g++ -o conftest -g -O2   conftest.cpp -lpthread -ljpeg -lpng -lz  >&5
configure:6566: $? = 0
configure:6566: result: yes
configure:6566: checking for vsnprintf
configure:6566: g++ -o conftest -g -O2   conftest.cpp -lpthread -ljpeg -lpng -lz  >&5
configure:6566: $? = 0
configure:6566: result: yes
configure:6578: checking for gethostname
configure:6578: g++ -o conftest -g -O2   conftest.cpp -lpthread -ljpeg -lpng -lz  >&5
configure:6578: $? = 0
configure:6578: result: yes
configure:6590: checking for strchr
configure:6590: g++ -o conftest -g -O2   conftest.cpp -lpthread -ljpeg -lpng -lz  >&5
configure:6590: $? = 0
configure:6590: result: yes
configure:6590: checking for memcpy
configure:6590: g++ -o conftest -g -O2   conftest.cpp -lpthread -ljpeg -lpng -lz  >&5
configure:6590: $? = 0
configure:6590: result: yes
configure:6603: checking for acos
configure:6603: g++ -o conftest -g -O2   conftest.cpp -lpthread -ljpeg -lpng -lz  >&5
configure:6603: $? = 0
configure:6603: result: yes
configure:6603: checking for asin
configure:6603: g++ -o conftest -g -O2   conftest.cpp -lpthread -ljpeg -lpng -lz  >&5
configure:6603: $? = 0
configure:6603: result: yes
configure:6644: checking for Leffler libtiff library
configure:6742: checking linking with -ltiff
configure:6770: g++ -o conftest -g -O2    conftest.cpp -lpthread -ljpeg -lpng -lz  -ltiff -lm >&5
configure:6770: $? = 0
configure:6780: result: ok
configure:6794: result: setting LIBTIFF_CFLAGS=
configure:6796: result: setting LIBTIFF_LIBS=-ltiff
configure:7075: creating ./config.status

## ---------------------- ##
## Running config.status. ##
## ---------------------- ##

This file was extended by tesseract config.status 3.00, which was
generated by GNU Autoconf 2.64.  Invocation command line was

  CONFIG_FILES    = 
  CONFIG_HEADERS  = 
  CONFIG_LINKS    = 
  CONFIG_COMMANDS = 
  $ ./config.status 

on marcel-laptop

config.status:931: creating Makefile
config.status:931: creating api/Makefile
config.status:931: creating ccmain/Makefile
config.status:931: creating ccstruct/Makefile
config.status:931: creating ccutil/Makefile
config.status:931: creating classify/Makefile
config.status:931: creating cutil/Makefile
config.status:931: creating dict/Makefile
config.status:931: creating image/Makefile
config.status:931: creating textord/Makefile
config.status:931: creating viewer/Makefile
config.status:931: creating wordrec/Makefile
config.status:931: creating training/Makefile
config.status:931: creating tessdata/Makefile
config.status:931: creating tessdata/configs/Makefile
config.status:931: creating tessdata/tessconfigs/Makefile
config.status:931: creating testing/Makefile
config.status:931: creating java/Makefile
config.status:931: creating java/com/Makefile
config.status:931: creating java/com/google/Makefile
config.status:931: creating java/com/google/scrollview/Makefile
config.status:931: creating java/com/google/scrollview/events/Makefile
config.status:931: creating java/com/google/scrollview/ui/Makefile
config.status:931: creating config_auto.h
config.status:1151: executing depfiles commands

## ---------------- ##
## Cache variables. ##
## ---------------- ##

ac_cv_build=i686-pc-linux-gnu
ac_cv_c_bigendian=no
ac_cv_c_compiler_gnu=yes
ac_cv_cxx_compiler_gnu=yes
ac_cv_env_CCC_set=
ac_cv_env_CCC_value=
ac_cv_env_CC_set=
ac_cv_env_CC_value=
ac_cv_env_CFLAGS_set=
ac_cv_env_CFLAGS_value=
ac_cv_env_CPPFLAGS_set=
ac_cv_env_CPPFLAGS_value=
ac_cv_env_CPP_set=
ac_cv_env_CPP_value=
ac_cv_env_CXXCPP_set=
ac_cv_env_CXXCPP_value=
ac_cv_env_CXXFLAGS_set=
ac_cv_env_CXXFLAGS_value=
ac_cv_env_CXX_set=
ac_cv_env_CXX_value=
ac_cv_env_LDFLAGS_set=
ac_cv_env_LDFLAGS_value=
ac_cv_env_LIBS_set=
ac_cv_env_LIBS_value=
ac_cv_env_LIBTIFF_CFLAGS_set=
ac_cv_env_LIBTIFF_CFLAGS_value=
ac_cv_env_LIBTIFF_LIBS_set=
ac_cv_env_LIBTIFF_LIBS_value=
ac_cv_env_build_alias_set=
ac_cv_env_build_alias_value=
ac_cv_env_host_alias_set=
ac_cv_env_host_alias_value=
ac_cv_env_target_alias_set=
ac_cv_env_target_alias_value=
ac_cv_func_acos=yes
ac_cv_func_asin=yes
ac_cv_func_fork=yes
ac_cv_func_fork_works=yes
ac_cv_func_gethostname=yes
ac_cv_func_getpagesize=yes
ac_cv_func_memcpy=yes
ac_cv_func_mmap_fixed_mapped=yes
ac_cv_func_strchr=yes
ac_cv_func_strerror=yes
ac_cv_func_vfork=yes
ac_cv_func_vfork_works=yes
ac_cv_func_vsnprintf=yes
ac_cv_header_allheaders_h=no
ac_cv_header_inttypes_h=yes
ac_cv_header_limits_h=yes
ac_cv_header_malloc_h=yes
ac_cv_header_memory_h=yes
ac_cv_header_stdbool_h=yes
ac_cv_header_stdc=yes
ac_cv_header_stdint_h=yes
ac_cv_header_stdlib_h=yes
ac_cv_header_string_h=yes
ac_cv_header_strings_h=yes
ac_cv_header_sys_ipc_h=yes
ac_cv_header_sys_shm_h=yes
ac_cv_header_sys_stat_h=yes
ac_cv_header_sys_types_h=yes
ac_cv_header_sys_wait_h=yes
ac_cv_header_time=yes
ac_cv_header_unistd_h=yes
ac_cv_header_vfork_h=no
ac_cv_host=i686-pc-linux-gnu
ac_cv_lib_jpeg_jpeg_read_scanlines=yes
ac_cv_lib_png_png_read_png=yes
ac_cv_lib_pthread_sem_init=yes
ac_cv_lib_z_deflate=yes
ac_cv_objext=o
ac_cv_path_EGREP='/bin/grep -E'
ac_cv_path_GREP=/bin/grep
ac_cv_path_install='/usr/bin/install -c'
ac_cv_path_mkdir=/bin/mkdir
ac_cv_prog_AWK=gawk
ac_cv_prog_CPP='gcc -E'
ac_cv_prog_CXXCPP='g++ -E'
ac_cv_prog_ac_ct_CC=gcc
ac_cv_prog_ac_ct_CXX=g++
ac_cv_prog_ac_ct_RANLIB=ranlib
ac_cv_prog_cc_c89=
ac_cv_prog_cc_g=yes
ac_cv_prog_cxx_g=yes
ac_cv_prog_make_make_set=yes
ac_cv_sys_file_offset_bits=64
ac_cv_sys_interpreter=yes
ac_cv_sys_largefile_CC=no
ac_cv_type__Bool=no
ac_cv_type_long_long_int=yes
ac_cv_type_mbstate_t=yes
ac_cv_type_pid_t=yes
ac_cv_type_size_t=yes
ac_cv_type_wchar_t=yes
am_cv_CC_dependencies_compiler_type=gcc3
am_cv_CXX_dependencies_compiler_type=gcc3

## ----------------- ##
## Output variables. ##
## ----------------- ##

ACLOCAL='aclocal-1.11'
AMDEPBACKSLASH='\'
AMDEP_FALSE='#'
AMDEP_TRUE=''
AMTAR='tar'
AUTOCONF='autoconf'
AUTOHEADER='autoheader'
AUTOMAKE='automake-1.11'
AWK='gawk'
CC='gcc'
CCDEPMODE='depmode=gcc3'
CFLAGS=' -g -O2'
CPP='gcc -E'
CPPFLAGS=''
CXX='g++'
CXXCPP='g++ -E'
CXXDEPMODE='depmode=gcc3'
CXXFLAGS=' -g -O2'
CYGPATH_W='echo'
DEFS='-DHAVE_CONFIG_H'
DEPDIR='.deps'
ECHO_C=''
ECHO_N='-n'
ECHO_T=''
EGREP='/bin/grep -E'
EXEEXT=''
GREP='/bin/grep'
HAVE_LIBTIFF_FALSE='#'
HAVE_LIBTIFF_TRUE=''
INSTALL_DATA='${INSTALL} -m 644'
INSTALL_PROGRAM='${INSTALL}'
INSTALL_SCRIPT='${INSTALL}'
INSTALL_STRIP_PROGRAM='$(install_sh) -c -s'
LDFLAGS=''
LIBOBJS=''
LIBS='-ltiff -lpthread -ljpeg -lpng -lz  -lm'
LIBTIFF_CFLAGS=''
LIBTIFF_LIBS='-ltiff'
LTLIBOBJS=''
MAINT='#'
MAINTAINER_MODE_FALSE=''
MAINTAINER_MODE_TRUE='#'
MAKEINFO='makeinfo'
MKDIR_P='/bin/mkdir -p'
OBJEXT='o'
PACKAGE='tesseract'
PACKAGE_BUGREPORT='theraysmith@gmail.com'
PACKAGE_DATE='05/29'
PACKAGE_NAME='tesseract'
PACKAGE_STRING='tesseract 3.00'
PACKAGE_TARNAME='tesseract'
PACKAGE_URL=''
PACKAGE_VERSION='3.00'
PACKAGE_YEAR='2009'
PATH_SEPARATOR=':'
RANLIB='ranlib'
SET_MAKE=''
SHELL='/bin/bash'
STRIP=''
USING_CL_FALSE=''
USING_CL_TRUE='#'
VERSION='3.00'
ac_ct_CC='gcc'
ac_ct_CXX='g++'
am__EXEEXT_FALSE=''
am__EXEEXT_TRUE='#'
am__fastdepCC_FALSE='#'
am__fastdepCC_TRUE=''
am__fastdepCXX_FALSE='#'
am__fastdepCXX_TRUE=''
am__include='include'
am__isrc=''
am__leading_dot='.'
am__quote=''
am__tar='${AMTAR} chof - "$$tardir"'
am__untar='${AMTAR} xf -'
bindir='${exec_prefix}/bin'
build='i686-pc-linux-gnu'
build_alias=''
build_cpu='i686'
build_os='linux-gnu'
build_vendor='pc'
datadir='${datarootdir}'
datarootdir='${prefix}/share'
docdir='${datarootdir}/doc/${PACKAGE_TARNAME}'
dvidir='${docdir}'
exec_prefix='${prefix}'
host='i686-pc-linux-gnu'
host_alias=''
host_cpu='i686'
host_os='linux-gnu'
host_vendor='pc'
htmldir='${docdir}'
includedir='${prefix}/include/tesseract'
infodir='${datarootdir}/info'
install_sh='${SHELL} /home/marcel/test/tesseract-ocr/config/install-sh'
libdir='${exec_prefix}/lib'
libexecdir='${exec_prefix}/libexec'
localedir='${datarootdir}/locale'
localstatedir='${prefix}/var'
mandir='${datarootdir}/man'
mkdir_p='/bin/mkdir -p'
oldincludedir='/usr/include'
pdfdir='${docdir}'
prefix='/home/marcel/local'
program_transform_name='s,x,x,'
psdir='${docdir}'
sbindir='${exec_prefix}/sbin'
sharedstatedir='${prefix}/com'
sysconfdir='${prefix}/etc'
target_alias=''

## ----------- ##
## confdefs.h. ##
## ----------- ##

/* confdefs.h */
#define PACKAGE_NAME "tesseract"
#define PACKAGE_TARNAME "tesseract"
#define PACKAGE_VERSION "3.00"
#define PACKAGE_STRING "tesseract 3.00"
#define PACKAGE_BUGREPORT "theraysmith@gmail.com"
#define PACKAGE_URL ""
#define PACKAGE_NAME "tesseract"
#define PACKAGE_VERSION "3.00"
#define PACKAGE_YEAR "2009"
#define PACKAGE_DATE "05/29"
#define PACKAGE "tesseract"
#define VERSION "3.00"
#define STDC_HEADERS 1
#define HAVE_SYS_TYPES_H 1
#define HAVE_SYS_STAT_H 1
#define HAVE_STDLIB_H 1
#define HAVE_STRING_H 1
#define HAVE_MEMORY_H 1
#define HAVE_STRINGS_H 1
#define HAVE_INTTYPES_H 1
#define HAVE_STDINT_H 1
#define HAVE_UNISTD_H 1
#define HAVE_LIBZ 1
#define HAVE_LIBPNG 1
#define HAVE_LIBJPEG 1
#define HAVE_LIBPTHREAD 1
#define STDC_HEADERS 1
#define TIME_WITH_SYS_TIME 1
#define HAVE_SYS_WAIT_H 1
#define HAVE_SYS_IPC_H 1
#define HAVE_SYS_SHM_H 1
#define HAVE_LIMITS_H 1
#define HAVE_MALLOC_H 1
#define HAVE_STDBOOL_H 1
#define _FILE_OFFSET_BITS 64
#define HAVE_WCHAR_T 1
#define HAVE_LONG_LONG_INT 1
#define HAVE_MBSTATE_T 1
#define HAVE_STDLIB_H 1
#define HAVE_UNISTD_H 1
#define HAVE_GETPAGESIZE 1
#define HAVE_MMAP 1
#define HAVE_FORK 1
#define HAVE_VFORK 1
#define HAVE_WORKING_VFORK 1
#define HAVE_WORKING_FORK 1
#define HAVE_STRERROR 1
#define HAVE_VSNPRINTF 1
#define HAVE_GETHOSTNAME 1
#define HAVE_STRCHR 1
#define HAVE_MEMCPY 1
#define HAVE_ACOS 1
#define HAVE_ASIN 1
#define HAVE_LIBTIFF 1

configure: exit 0
